<?xml version="1.0" encoding="UTF-8"?>
<testng-results ignored="4" total="8" passed="4" failed="0" skipped="0">
  <reporter-output>
  </reporter-output>
  <suite started-at="2024-12-17T23:08:53 IST" name="Suite" finished-at="2024-12-17T23:12:49 IST" duration-ms="235699">
    <groups>
      <group name="regression">
        <method signature="CreateProductTest.createProductTest()[pri:0, instance:Product.CreateProductTest@73e9cf30]" name="createProductTest" class="Product.CreateProductTest"/>
      </group> <!-- regression -->
      <group name="smoke">
        <method signature="CreateCampaignTest.createCampaignTest()[pri:0, instance:Campaign.CreateCampaignTest@534a5a98]" name="createCampaignTest" class="Campaign.CreateCampaignTest"/>
      </group> <!-- smoke -->
      <group name="sanity">
        <method signature="CreateCampaignWithProductTest.createCampaignWithProductTest()[pri:0, instance:Campaign.CreateCampaignWithProductTest@644baf4a]" name="createCampaignWithProductTest" class="Campaign.CreateCampaignWithProductTest"/>
        <method signature="CreateCampaignWithProductTest.createCampaignWithProductTest()[pri:0, instance:Campaign.CreateCampaignWithProductTest@2a265ea9]" name="createCampaignWithProductTest" class="Campaign.CreateCampaignWithProductTest"/>
      </group> <!-- sanity -->
    </groups>
    <test started-at="2024-12-17T23:08:53 IST" name="TestRunner1" finished-at="2024-12-17T23:09:54 IST" duration-ms="60612">
      <class name="Campaign.CreateCampaignTest">
        <test-method is-config="true" signature="bc(java.lang.String)[pri:0, instance:Campaign.CreateCampaignTest@534a5a98]" started-at="2024-12-17T23:09:25 IST" name="bc" finished-at="2024-12-17T23:09:27 IST" duration-ms="2011" status="PASS">
          <params>
            <param index="0">
              <value>
                <![CDATA[chrome]]>
              </value>
            </param>
          </params>
          <reporter-output>
          </reporter-output>
        </test-method> <!-- bc -->
        <test-method is-config="true" signature="bm()[pri:0, instance:Campaign.CreateCampaignTest@534a5a98]" started-at="2024-12-17T23:09:27 IST" name="bm" finished-at="2024-12-17T23:09:37 IST" duration-ms="10020" status="PASS">
          <reporter-output>
          </reporter-output>
        </test-method> <!-- bm -->
        <test-method signature="createCampaignTest()[pri:0, instance:Campaign.CreateCampaignTest@534a5a98]" started-at="2024-12-17T23:09:37 IST" name="createCampaignTest" finished-at="2024-12-17T23:09:51 IST" duration-ms="13735" status="PASS">
          <reporter-output>
          </reporter-output>
        </test-method> <!-- createCampaignTest -->
        <test-method is-config="true" signature="am()[pri:0, instance:Campaign.CreateCampaignTest@534a5a98]" started-at="2024-12-17T23:09:51 IST" name="am" finished-at="2024-12-17T23:09:54 IST" duration-ms="2739" status="PASS">
          <reporter-output>
          </reporter-output>
        </test-method> <!-- am -->
        <test-method is-config="true" signature="ac()[pri:0, instance:Campaign.CreateCampaignTest@534a5a98]" started-at="2024-12-17T23:09:54 IST" name="ac" finished-at="2024-12-17T23:09:54 IST" duration-ms="271" status="PASS">
          <reporter-output>
          </reporter-output>
        </test-method> <!-- ac -->
      </class> <!-- Campaign.CreateCampaignTest -->
      <class name="Product.CreateProductTest">
        <test-method is-config="true" signature="bt()[pri:0, instance:Product.CreateProductTest@73e9cf30]" started-at="2024-12-17T23:08:53 IST" name="bt" finished-at="2024-12-17T23:08:53 IST" duration-ms="0" status="PASS">
          <reporter-output>
          </reporter-output>
        </test-method> <!-- bt -->
        <test-method is-config="true" signature="bc(java.lang.String)[pri:0, instance:Product.CreateProductTest@73e9cf30]" started-at="2024-12-17T23:08:53 IST" name="bc" finished-at="2024-12-17T23:08:56 IST" duration-ms="2541" status="PASS">
          <params>
            <param index="0">
              <value>
                <![CDATA[chrome]]>
              </value>
            </param>
          </params>
          <reporter-output>
          </reporter-output>
        </test-method> <!-- bc -->
        <test-method is-config="true" signature="bm()[pri:0, instance:Product.CreateProductTest@73e9cf30]" started-at="2024-12-17T23:08:56 IST" name="bm" finished-at="2024-12-17T23:09:05 IST" duration-ms="8725" status="PASS">
          <reporter-output>
          </reporter-output>
        </test-method> <!-- bm -->
        <test-method signature="createProductTest()[pri:0, instance:Product.CreateProductTest@73e9cf30]" started-at="2024-12-17T23:09:05 IST" name="createProductTest" finished-at="2024-12-17T23:09:22 IST" duration-ms="17081" status="PASS">
          <reporter-output>
          </reporter-output>
        </test-method> <!-- createProductTest -->
        <test-method is-config="true" signature="am()[pri:0, instance:Product.CreateProductTest@73e9cf30]" started-at="2024-12-17T23:09:22 IST" name="am" finished-at="2024-12-17T23:09:25 IST" duration-ms="2952" status="PASS">
          <reporter-output>
          </reporter-output>
        </test-method> <!-- am -->
        <test-method is-config="true" signature="ac()[pri:0, instance:Product.CreateProductTest@73e9cf30]" started-at="2024-12-17T23:09:25 IST" name="ac" finished-at="2024-12-17T23:09:25 IST" duration-ms="482" status="PASS">
          <reporter-output>
          </reporter-output>
        </test-method> <!-- ac -->
        <test-method is-config="true" signature="at()[pri:0, instance:Product.CreateProductTest@73e9cf30]" started-at="2024-12-17T23:09:54 IST" name="at" finished-at="2024-12-17T23:09:54 IST" duration-ms="0" status="PASS">
          <reporter-output>
          </reporter-output>
        </test-method> <!-- at -->
      </class> <!-- Product.CreateProductTest -->
    </test> <!-- TestRunner1 -->
    <test started-at="2024-12-17T23:09:54 IST" name="TestRunner2" finished-at="2024-12-17T23:12:04 IST" duration-ms="129502">
      <class name="Campaign.CreateCampaignWithProductTest">
        <test-method is-config="true" signature="bc(java.lang.String)[pri:0, instance:Campaign.CreateCampaignWithProductTest@644baf4a]" started-at="2024-12-17T23:09:54 IST" name="bc" finished-at="2024-12-17T23:11:20 IST" duration-ms="85694" status="PASS">
          <params>
            <param index="0">
              <value>
                <![CDATA[firefox]]>
              </value>
            </param>
          </params>
          <reporter-output>
          </reporter-output>
        </test-method> <!-- bc -->
        <test-method is-config="true" signature="bt()[pri:0, instance:Campaign.CreateCampaignWithProductTest@644baf4a]" started-at="2024-12-17T23:09:54 IST" name="bt" finished-at="2024-12-17T23:09:54 IST" duration-ms="0" status="PASS">
          <reporter-output>
          </reporter-output>
        </test-method> <!-- bt -->
        <test-method is-config="true" signature="bm()[pri:0, instance:Campaign.CreateCampaignWithProductTest@644baf4a]" started-at="2024-12-17T23:11:20 IST" name="bm" finished-at="2024-12-17T23:11:31 IST" duration-ms="11017" status="PASS">
          <reporter-output>
          </reporter-output>
        </test-method> <!-- bm -->
        <test-method signature="createCampaignWithProductTest()[pri:0, instance:Campaign.CreateCampaignWithProductTest@644baf4a]" started-at="2024-12-17T23:11:31 IST" name="createCampaignWithProductTest" finished-at="2024-12-17T23:11:56 IST" duration-ms="25552" status="PASS">
          <reporter-output>
          </reporter-output>
        </test-method> <!-- createCampaignWithProductTest -->
        <test-method is-config="true" signature="am()[pri:0, instance:Campaign.CreateCampaignWithProductTest@644baf4a]" started-at="2024-12-17T23:11:56 IST" name="am" finished-at="2024-12-17T23:12:01 IST" duration-ms="4477" status="PASS">
          <reporter-output>
          </reporter-output>
        </test-method> <!-- am -->
        <test-method is-config="true" signature="ac()[pri:0, instance:Campaign.CreateCampaignWithProductTest@644baf4a]" started-at="2024-12-17T23:12:01 IST" name="ac" finished-at="2024-12-17T23:12:04 IST" duration-ms="2758" status="PASS">
          <reporter-output>
          </reporter-output>
        </test-method> <!-- ac -->
        <test-method is-config="true" signature="at()[pri:0, instance:Campaign.CreateCampaignWithProductTest@644baf4a]" started-at="2024-12-17T23:12:04 IST" name="at" finished-at="2024-12-17T23:12:04 IST" duration-ms="1" status="PASS">
          <reporter-output>
          </reporter-output>
        </test-method> <!-- at -->
      </class> <!-- Campaign.CreateCampaignWithProductTest -->
    </test> <!-- TestRunner2 -->
    <test started-at="2024-12-17T23:12:04 IST" name="TestRunner3" finished-at="2024-12-17T23:12:49 IST" duration-ms="45544">
      <class name="Campaign.CreateCampaignWithProductTest">
        <test-method is-config="true" signature="bs()[pri:0, instance:Campaign.CreateCampaignWithProductTest@2a265ea9]" started-at="2024-12-17T23:08:53 IST" name="bs" finished-at="2024-12-17T23:08:53 IST" duration-ms="16" status="PASS">
          <reporter-output>
          </reporter-output>
        </test-method> <!-- bs -->
        <test-method is-config="true" signature="bt()[pri:0, instance:Campaign.CreateCampaignWithProductTest@2a265ea9]" started-at="2024-12-17T23:12:04 IST" name="bt" finished-at="2024-12-17T23:12:04 IST" duration-ms="1" status="PASS">
          <reporter-output>
          </reporter-output>
        </test-method> <!-- bt -->
        <test-method is-config="true" signature="bc(java.lang.String)[pri:0, instance:Campaign.CreateCampaignWithProductTest@2a265ea9]" started-at="2024-12-17T23:12:04 IST" name="bc" finished-at="2024-12-17T23:12:22 IST" duration-ms="18001" status="PASS">
          <params>
            <param index="0">
              <value>
                <![CDATA[edge]]>
              </value>
            </param>
          </params>
          <reporter-output>
          </reporter-output>
        </test-method> <!-- bc -->
        <test-method is-config="true" signature="bm()[pri:0, instance:Campaign.CreateCampaignWithProductTest@2a265ea9]" started-at="2024-12-17T23:12:22 IST" name="bm" finished-at="2024-12-17T23:12:30 IST" duration-ms="8026" status="PASS">
          <reporter-output>
          </reporter-output>
        </test-method> <!-- bm -->
        <test-method signature="createCampaignWithProductTest()[pri:0, instance:Campaign.CreateCampaignWithProductTest@2a265ea9]" started-at="2024-12-17T23:12:30 IST" name="createCampaignWithProductTest" finished-at="2024-12-17T23:12:45 IST" duration-ms="15247" status="PASS">
          <reporter-output>
          </reporter-output>
        </test-method> <!-- createCampaignWithProductTest -->
        <test-method is-config="true" signature="am()[pri:0, instance:Campaign.CreateCampaignWithProductTest@2a265ea9]" started-at="2024-12-17T23:12:45 IST" name="am" finished-at="2024-12-17T23:12:48 IST" duration-ms="2815" status="PASS">
          <reporter-output>
          </reporter-output>
        </test-method> <!-- am -->
        <test-method is-config="true" signature="ac()[pri:0, instance:Campaign.CreateCampaignWithProductTest@2a265ea9]" started-at="2024-12-17T23:12:48 IST" name="ac" finished-at="2024-12-17T23:12:49 IST" duration-ms="1449" status="PASS">
          <reporter-output>
          </reporter-output>
        </test-method> <!-- ac -->
        <test-method is-config="true" signature="at()[pri:0, instance:Campaign.CreateCampaignWithProductTest@2a265ea9]" started-at="2024-12-17T23:12:49 IST" name="at" finished-at="2024-12-17T23:12:49 IST" duration-ms="0" status="PASS">
          <reporter-output>
          </reporter-output>
        </test-method> <!-- at -->
        <test-method is-config="true" signature="as()[pri:0, instance:Campaign.CreateCampaignWithProductTest@2a265ea9]" started-at="2024-12-17T23:12:49 IST" name="as" finished-at="2024-12-17T23:12:49 IST" duration-ms="1" status="PASS">
          <reporter-output>
          </reporter-output>
        </test-method> <!-- as -->
      </class> <!-- Campaign.CreateCampaignWithProductTest -->
    </test> <!-- TestRunner3 -->
  </suite> <!-- Suite -->
</testng-results>
